
* Started at 2017-01-26T21:08:44.750Z

* Settings
Project dir: /home/cchampeau/DEV/PROJECTS/GITHUB/performance-comparisons/large-multiproject
Output dir: profile-out-3
Profiler: none
Benchmark: true
Versions: [3.3]
Gradle User Home: gradle-user-home
Targets: []

* Inspecting Gradle version '3.3'
Downloading https://services.gradle.org/distributions/gradle-3.3-bin.zip
..................................................................................................................................................................................................................................................................................................................................................................................................................................................................................................................................................................................................................................................................................................................................................................................................................................................................................................................................................................................................................................................................................................................................................................................................................................................................................................................................................................................................................................................................................................................................................................................................................................................................................................................................................................................................................................................................................................................................................................................................................................................................................................................................................................................................................................................................................................................................................................................................................................................................................................................................................................................................................................................................................................................................................................................................................................................................................................................................................................................................................................................................................................................................................................................................................................................................................................................................................................................................................................................................................................................................................................................................................................................
Unzipping /home/cchampeau/DEV/PROJECTS/GITHUB/performance-comparisons/large-multiproject/gradle-user-home/wrapper/dists/gradle-3.3-bin/64bhckfm0iuu9gap9hg3r7ev2/gradle-3.3-bin.zip to /home/cchampeau/DEV/PROJECTS/GITHUB/performance-comparisons/large-multiproject/gradle-user-home/wrapper/dists/gradle-3.3-bin/64bhckfm0iuu9gap9hg3r7ev2
Set executable permissions for: /home/cchampeau/DEV/PROJECTS/GITHUB/performance-comparisons/large-multiproject/gradle-user-home/wrapper/dists/gradle-3.3-bin/64bhckfm0iuu9gap9hg3r7ev2/gradle-3.3/bin/gradle
:help

Welcome to Gradle 3.3.

To run a build, run gradle <task> ...

To see a list of available tasks, run gradle tasks

To see a list of command-line options, run gradle --help

To see more detail about a task, run gradle help --task <task>

BUILD SUCCESSFUL

Total time: 15.934 secs

* Stopping daemons
Stopping Daemon(s)
1 Daemon stopped

* Scenarios
Scenario: abiChange using Gradle 3.3
  Gradle version: 3.3 (/home/cchampeau/DEV/PROJECTS/GITHUB/performance-comparisons/large-multiproject/gradle-user-home/wrapper/dists/gradle-3.3-bin/64bhckfm0iuu9gap9hg3r7ev2/gradle-3.3)
  Run using: ToolingApi
  Cleanup Tasks: []
  Tasks: [compileJava]
  Gradle args: []
  Build changes: ApplyAbiChangeToJavaSourceFileMutator(/home/cchampeau/DEV/PROJECTS/GITHUB/performance-comparisons/large-multiproject/project1/src/main/java/org/gradle/test/performance1_4/Production1_315.java)
  Warm-ups: 6
  Builds: 10
Scenario: nonAbiChange using Gradle 3.3
  Gradle version: 3.3 (/home/cchampeau/DEV/PROJECTS/GITHUB/performance-comparisons/large-multiproject/gradle-user-home/wrapper/dists/gradle-3.3-bin/64bhckfm0iuu9gap9hg3r7ev2/gradle-3.3)
  Run using: ToolingApi
  Cleanup Tasks: []
  Tasks: [compileJava]
  Gradle args: []
  Build changes: ApplyNonAbiChangeToJavaSourceFileMutator(/home/cchampeau/DEV/PROJECTS/GITHUB/performance-comparisons/large-multiproject/project1/src/main/java/org/gradle/test/performance1_4/Production1_315.java)
  Warm-ups: 6
  Builds: 10

* Running scenario abiChange using Gradle 3.3 (scenario 1/2)

* Stopping daemons
No Gradle daemons are running.

* Build details
Gradle version: 3.3
Java home: /opt/jdk1.8.0_91
OS name: Linux 4.4.0-45-generic
JVM args:
  -XX:MaxPermSize=256m
  -XX:+HeapDumpOnOutOfMemoryError
  -Xmx1024m
  -Dfile.encoding=UTF-8
  -Duser.country=US
  -Duser.language=en
  -Duser.variant
Gradle args:
  -I
  /tmp/gradleProfilerPidInstrumentation998325935273405224.gradle
  --gradle-user-home
  /home/cchampeau/DEV/PROJECTS/GITHUB/performance-comparisons/large-multiproject/gradle-user-home

* Running initial clean build with tasks [clean, compileJava]
:project1:clean UP-TO-DATE
:project10:clean UP-TO-DATE
:project11:clean UP-TO-DATE
:project12:clean UP-TO-DATE
:project13:clean UP-TO-DATE
:project14:clean UP-TO-DATE
:project15:clean UP-TO-DATE
:project16:clean UP-TO-DATE
:project17:clean UP-TO-DATE
:project18:clean UP-TO-DATE
:project19:clean UP-TO-DATE
:project2:clean UP-TO-DATE
:project20:clean UP-TO-DATE
:project21:clean UP-TO-DATE
:project22:clean UP-TO-DATE
:project23:clean UP-TO-DATE
:project24:clean UP-TO-DATE
:project25:clean UP-TO-DATE
:project26:clean UP-TO-DATE
:project27:clean UP-TO-DATE
:project28:clean UP-TO-DATE
:project29:clean UP-TO-DATE
:project3:clean UP-TO-DATE
:project30:clean UP-TO-DATE
:project31:clean UP-TO-DATE
:project32:clean UP-TO-DATE
:project33:clean UP-TO-DATE
:project34:clean UP-TO-DATE
:project35:clean UP-TO-DATE
:project36:clean UP-TO-DATE
:project37:clean UP-TO-DATE
:project38:clean UP-TO-DATE
:project39:clean UP-TO-DATE
:project4:clean UP-TO-DATE
:project40:clean UP-TO-DATE
:project41:clean UP-TO-DATE
:project42:clean UP-TO-DATE
:project43:clean UP-TO-DATE
:project44:clean UP-TO-DATE
:project45:clean UP-TO-DATE
:project46:clean UP-TO-DATE
:project47:clean UP-TO-DATE
:project48:clean UP-TO-DATE
:project49:clean UP-TO-DATE
:project5:clean UP-TO-DATE
:project50:clean UP-TO-DATE
:project51:clean UP-TO-DATE
:project52:clean UP-TO-DATE
:project53:clean UP-TO-DATE
:project54:clean UP-TO-DATE
:project55:clean UP-TO-DATE
:project56:clean UP-TO-DATE
:project57:clean UP-TO-DATE
:project58:clean UP-TO-DATE
:project59:clean UP-TO-DATE
:project6:clean UP-TO-DATE
:project60:clean UP-TO-DATE
:project61:clean UP-TO-DATE
:project62:clean UP-TO-DATE
:project63:clean UP-TO-DATE
:project64:clean UP-TO-DATE
:project65:clean UP-TO-DATE
:project66:clean UP-TO-DATE
:project67:clean UP-TO-DATE
:project68:clean UP-TO-DATE
:project69:clean UP-TO-DATE
:project7:clean UP-TO-DATE
:project70:clean UP-TO-DATE
:project71:clean UP-TO-DATE
:project72:clean UP-TO-DATE
:project73:clean UP-TO-DATE
:project74:clean UP-TO-DATE
:project75:clean UP-TO-DATE
:project76:clean UP-TO-DATE
:project77:clean UP-TO-DATE
:project78:clean UP-TO-DATE
:project79:clean UP-TO-DATE
:project8:clean UP-TO-DATE
:project80:clean UP-TO-DATE
:project81:clean UP-TO-DATE
:project82:clean UP-TO-DATE
:project83:clean UP-TO-DATE
:project84:clean UP-TO-DATE
:project85:clean UP-TO-DATE
:project86:clean UP-TO-DATE
:project87:clean UP-TO-DATE
:project88:clean UP-TO-DATE
:project89:clean UP-TO-DATE
:project9:clean UP-TO-DATE
:project90:clean UP-TO-DATE
:project91:clean UP-TO-DATE
:project92:clean UP-TO-DATE
:project93:clean UP-TO-DATE
:project94:clean UP-TO-DATE
:project95:clean UP-TO-DATE
:project96:clean UP-TO-DATE
:project97:clean UP-TO-DATE
:project98:clean UP-TO-DATE
:project99:clean UP-TO-DATE
:project1:compileJava
Download https://repo1.maven.org/maven2/org/slf4j/jcl-over-slf4j/1.7.10/jcl-over-slf4j-1.7.10.pom
Download https://repo1.maven.org/maven2/org/slf4j/slf4j-parent/1.7.10/slf4j-parent-1.7.10.pom
Download https://repo1.maven.org/maven2/org/codehaus/groovy/groovy/2.4.7/groovy-2.4.7.pom
Download https://repo1.maven.org/maven2/org/slf4j/slf4j-api/1.7.10/slf4j-api-1.7.10.pom
Download https://repo1.maven.org/maven2/org/slf4j/jcl-over-slf4j/1.7.10/jcl-over-slf4j-1.7.10.jar
Download https://repo1.maven.org/maven2/org/codehaus/groovy/groovy/2.4.7/groovy-2.4.7.jar
Download https://repo1.maven.org/maven2/org/slf4j/slf4j-api/1.7.10/slf4j-api-1.7.10.jar
:project1:processResources UP-TO-DATE
:project1:classes
:project1:jar
:project2:compileJava
:project2:processResources UP-TO-DATE
:project2:classes
:project2:jar
:project4:compileJava
:project4:processResources UP-TO-DATE
:project4:classes
:project4:jar
:project5:compileJava
:project5:processResources UP-TO-DATE
:project5:classes
:project5:jar
:project6:compileJava
:project6:processResources UP-TO-DATE
:project6:classes
:project6:jar
:project7:compileJava
:project7:processResources UP-TO-DATE
:project7:classes
:project7:jar
:project8:compileJava
:project8:processResources UP-TO-DATE
:project8:classes
:project8:jar
:project10:compileJava
:project11:compileJava
:project9:compileJava
:project9:processResources UP-TO-DATE
:project9:classes
:project9:jar
:project12:compileJava
:project13:compileJava
:project14:compileJava
:project10:processResources UP-TO-DATE
:project10:classes
:project10:jar
:project15:compileJava
:project16:compileJava
:project17:compileJava
:project18:compileJava
:project11:processResources UP-TO-DATE
:project11:classes
:project11:jar
:project19:compileJava
:project20:compileJava
:project21:compileJava
:project22:compileJava
:project23:compileJava
:project24:compileJava
:project12:processResources UP-TO-DATE
:project12:classes
:project12:jar
:project25:compileJava
:project26:compileJava
:project27:compileJava
:project28:compileJava
:project29:compileJava
:project3:compileJava
:project30:compileJava
:project31:compileJava
:project13:processResources UP-TO-DATE
:project13:classes
:project13:jar
:project32:compileJava
:project33:compileJava
:project34:compileJava
:project35:compileJava
:project36:compileJava
:project37:compileJava
:project38:compileJava
:project39:compileJava
:project40:compileJava
:project14:processResources UP-TO-DATE
:project14:classes
:project14:jar
:project41:compileJava
:project42:compileJava
:project43:compileJava
:project44:compileJava
:project45:compileJava
:project46:compileJava
:project47:compileJava
:project48:compileJava
:project49:compileJava
:project50:compileJava
:project51:compileJava
:project52:compileJava
:project15:processResources UP-TO-DATE
:project15:classes
:project15:jar
:project53:compileJava
:project54:compileJava
:project55:compileJava
:project56:compileJava
:project57:compileJava
:project58:compileJava
:project59:compileJava
:project60:compileJava
:project61:compileJava
:project62:compileJava
:project63:compileJava
:project64:compileJava
:project65:compileJava
:project66:compileJava
:project67:compileJava
:project16:processResources UP-TO-DATE
:project16:classes
:project16:jar
:project68:compileJava
:project69:compileJava
:project70:compileJava
:project71:compileJava
:project72:compileJava
:project73:compileJava
:project74:compileJava
:project75:compileJava
:project76:compileJava
:project77:compileJava
:project78:compileJava
:project79:compileJava
:project80:compileJava
:project81:compileJava
:project82:compileJava
:project83:compileJava
:project84:compileJava
:project85:compileJava
:project86:compileJava
:project87:compileJava
:project17:processResources UP-TO-DATE
:project17:classes
:project17:jar
:project88:compileJava
:project89:compileJava
:project90:compileJava
:project91:compileJava
:project92:compileJava
:project93:compileJava
:project94:compileJava
:project95:compileJava
:project96:compileJava
:project97:compileJava
:project98:compileJava
:project99:compileJava

BUILD SUCCESSFUL

Total time: 1 mins 20.425 secs
Used daemon with pid 31202
Execution time 80466ms

* Stopping daemons
Stopping Daemon(s)
1 Daemon stopped

* Running warm-up build 1 with tasks [compileJava]
